2019-02-18 13:32:35
<xml><ToUserName><![CDATA[gh_a582435402b9]]></ToUserName>
<FromUserName><![CDATA[oGtn31fkd3Rfb-M72O_t8jXXDFzw]]></FromUserName>
<CreateTime>1550461432</CreateTime>
<MsgType><![CDATA[event]]></MsgType>
<Event><![CDATA[unsubscribe]]></Event>
<EventKey><![CDATA[]]></EventKey>
</xml>
<<<<<<<2019-02-18 13:33:30
<xml><ToUserName><![CDATA[gh_a582435402b9]]></ToUserName>
<FromUserName><![CDATA[oGtn31fkd3Rfb-M72O_t8jXXDFzw]]></FromUserName>
<CreateTime>1550461432</CreateTime>
<MsgType><![CDATA[event]]></MsgType>
<Event><![CDATA[unsubscribe]]></Event>
<EventKey><![CDATA[]]></EventKey>
</xml>
<<<<<<<2019-02-18 13:34:47
<xml><ToUserName><![CDATA[gh_a582435402b9]]></ToUserName>
<FromUserName><![CDATA[oGtn31fkd3Rfb-M72O_t8jXXDFzw]]></FromUserName>
<CreateTime>1550461432</CreateTime>
<MsgType><![CDATA[event]]></MsgType>
<Event><![CDATA[unsubscribe]]></Event>
<EventKey><![CDATA[]]></EventKey>
</xml>
<<<<<<<2019-02-18 13:35:42
<xml><ToUserName><![CDATA[gh_a582435402b9]]></ToUserName>
<FromUserName><![CDATA[oGtn31fkd3Rfb-M72O_t8jXXDFzw]]></FromUserName>
<CreateTime>1550461432</CreateTime>
<MsgType><![CDATA[event]]></MsgType>
<Event><![CDATA[unsubscribe]]></Event>
<EventKey><![CDATA[]]></EventKey>
</xml>
<<<<<<<2019-02-18 13:35:49
<xml><ToUserName><![CDATA[gh_a582435402b9]]></ToUserName>
<FromUserName><![CDATA[oGtn31fkd3Rfb-M72O_t8jXXDFzw]]></FromUserName>
<CreateTime>1550461432</CreateTime>
<MsgType><![CDATA[event]]></MsgType>
<Event><![CDATA[unsubscribe]]></Event>
<EventKey><![CDATA[]]></EventKey>
</xml>
<<<<<<<2019-02-18 13:36:00
<xml><ToUserName><![CDATA[gh_a582435402b9]]></ToUserName>
<FromUserName><![CDATA[oGtn31fkd3Rfb-M72O_t8jXXDFzw]]></FromUserName>
<CreateTime>1550461432</CreateTime>
<MsgType><![CDATA[event]]></MsgType>
<Event><![CDATA[unsubscribe]]></Event>
<EventKey><![CDATA[]]></EventKey>
</xml>
<<<<<<<2019-02-18 13:36:13
<xml><ToUserName><![CDATA[gh_a582435402b9]]></ToUserName>
<FromUserName><![CDATA[oGtn31fkd3Rfb-M72O_t8jXXDFzw]]></FromUserName>
<CreateTime>1550461432</CreateTime>
<MsgType><![CDATA[event]]></MsgType>
<Event><![CDATA[unsubscribe]]></Event>
<EventKey><![CDATA[]]></EventKey>
</xml>
<<<<<<<2019-02-18 13:37:38
<xml><ToUserName><![CDATA[gh_a582435402b9]]></ToUserName>
<FromUserName><![CDATA[oGtn31fkd3Rfb-M72O_t8jXXDFzw]]></FromUserName>
<CreateTime>1550461432</CreateTime>
<MsgType><![CDATA[event]]></MsgType>
<Event><![CDATA[unsubscribe]]></Event>
<EventKey><![CDATA[]]></EventKey>
</xml>
<<<<<<<2019-02-18 13:37:52
<xml><ToUserName><![CDATA[gh_a582435402b9]]></ToUserName>
<FromUserName><![CDATA[oGtn31fkd3Rfb-M72O_t8jXXDFzw]]></FromUserName>
<CreateTime>1550461432</CreateTime>
<MsgType><![CDATA[event]]></MsgType>
<Event><![CDATA[unsubscribe]]></Event>
<EventKey><![CDATA[]]></EventKey>
</xml>
<<<<<<<2019-02-18 13:39:59
<xml><ToUserName><![CDATA[gh_a582435402b9]]></ToUserName>
<FromUserName><![CDATA[oGtn31fkd3Rfb-M72O_t8jXXDFzw]]></FromUserName>
<CreateTime>1550461432</CreateTime>
<MsgType><![CDATA[event]]></MsgType>
<Event><![CDATA[unsubscribe]]></Event>
<EventKey><![CDATA[]]></EventKey>
</xml>
<<<<<<<2019-02-18 13:42:33
<xml><ToUserName><![CDATA[gh_a582435402b9]]></ToUserName>
<FromUserName><![CDATA[oGtn31fkd3Rfb-M72O_t8jXXDFzw]]></FromUserName>
<CreateTime>1550461432</CreateTime>
<MsgType><![CDATA[event]]></MsgType>
<Event><![CDATA[unsubscribe]]></Event>
<EventKey><![CDATA[]]></EventKey>
</xml>
<<<<<<<2019-02-18 13:42:53
<xml><ToUserName><![CDATA[gh_a582435402b9]]></ToUserName>
<FromUserName><![CDATA[oGtn31fkd3Rfb-M72O_t8jXXDFzw]]></FromUserName>
<CreateTime>1550461432</CreateTime>
<MsgType><![CDATA[event]]></MsgType>
<Event><![CDATA[unsubscribe]]></Event>
<EventKey><![CDATA[]]></EventKey>
</xml>
<<<<<<<